Started by user frank yang
Running in Durability level: MAX_SURVIVABILITY
Loading library IntelliPipeline-Agent@master
 > git rev-parse --is-inside-work-tree # timeout=10
Fetching changes from the remote Git repository
 > git config remote.origin.url https://github.com/YoooFeng/IntelliPipeline-Agent.git # timeout=10
Fetching upstream changes from https://github.com/YoooFeng/IntelliPipeline-Agent.git
 > git --version # timeout=10
using GIT_ASKPASS to set credentials githubAccount
 > git fetch --tags --progress https://github.com/YoooFeng/IntelliPipeline-Agent.git +refs/heads/*:refs/remotes/origin/*
 > git rev-parse refs/remotes/origin/master^{commit} # timeout=10
 > git rev-parse refs/remotes/origin/origin/master^{commit} # timeout=10
Checking out Revision acb49fb27b7b656209e7a25013b9bfe413db1757 (refs/remotes/origin/master)
 > git config core.sparsecheckout # timeout=10
 > git checkout -f acb49fb27b7b656209e7a25013b9bfe413db1757
Commit message: "Update IntelliAgent.groovy"
 > git rev-list --no-walk acb49fb27b7b656209e7a25013b9bfe413db1757 # timeout=10
[Pipeline] echo
currentResult: SUCCESS
[Pipeline] echo
Job_Name: weavesocks-shipping
[Pipeline] readJSON
[Pipeline] node
Running on Jenkins in /var/lib/jenkins/workspace/weavesocks-shipping
[Pipeline] {
[Pipeline] git
 > git rev-parse --is-inside-work-tree # timeout=10
Fetching changes from the remote Git repository
 > git config remote.origin.url file:///home/workplace/Github/shipping # timeout=10
Fetching upstream changes from file:///home/workplace/Github/shipping
 > git --version # timeout=10
 > git fetch --tags --progress file:///home/workplace/Github/shipping +refs/heads/*:refs/remotes/origin/*
 > git rev-parse refs/remotes/origin/master^{commit} # timeout=10
 > git rev-parse refs/remotes/origin/origin/master^{commit} # timeout=10
Checking out Revision 0598a996b4e199395d3a359eaade8dde6cb70025 (refs/remotes/origin/master)
 > git config core.sparsecheckout # timeout=10
 > git checkout -f 0598a996b4e199395d3a359eaade8dde6cb70025
 > git branch -a -v --no-abbrev # timeout=10
 > git branch -D master # timeout=10
 > git checkout -b master 0598a996b4e199395d3a359eaade8dde6cb70025
Commit message: "Update build.sh"
 > git rev-list --no-walk 15ea845e7d2500f323611f7fda9a7db229c0a748 # timeout=10
[Pipeline] }
[Pipeline] // node
[Pipeline] echo
currentResult: SUCCESS
[Pipeline] echo
Job_Name: weavesocks-shipping
[Pipeline] readJSON
[Pipeline] node
Running on Jenkins in /var/lib/jenkins/workspace/weavesocks-shipping
[Pipeline] {
[Pipeline] sh
[weavesocks-shipping] Running shell script
+ mvn -DskipTests package
[INFO] Scanning for projects...
[INFO]                                                                         
[INFO] ------------------------------------------------------------------------
[INFO] Building shipping 1.4.0.RELEASE
[INFO] ------------------------------------------------------------------------
[INFO] 
[INFO] --- jacoco-maven-plugin:0.7.6.201602180812:prepare-agent (prepare-agent) @ shipping ---
[INFO] argLine set to -javaagent:/root/.m2/repository/org/jacoco/org.jacoco.agent/0.7.6.201602180812/org.jacoco.agent-0.7.6.201602180812-runtime.jar=destfile=/var/lib/jenkins/workspace/weavesocks-shipping/target/jacoco.exec
[INFO] 
[INFO] --- maven-resources-plugin:2.6:resources (default-resources) @ shipping ---
[INFO] Using 'UTF-8' encoding to copy filtered resources.
[INFO] Copying 1 resource
[INFO] Copying 1 resource
[INFO] 
[INFO] --- maven-compiler-plugin:3.1:compile (default-compile) @ shipping ---
[INFO] Changes detected - recompiling the module!
[INFO] Compiling 8 source files to /var/lib/jenkins/workspace/weavesocks-shipping/target/classes
[INFO] 
[INFO] --- maven-resources-plugin:2.6:testResources (default-testResources) @ shipping ---
[INFO] Using 'UTF-8' encoding to copy filtered resources.
[INFO] skip non existing resourceDirectory /var/lib/jenkins/workspace/weavesocks-shipping/src/test/resources
[INFO] 
[INFO] --- maven-compiler-plugin:3.1:testCompile (default-testCompile) @ shipping ---
[INFO] Changes detected - recompiling the module!
[INFO] Compiling 2 source files to /var/lib/jenkins/workspace/weavesocks-shipping/target/test-classes
[INFO] 
[INFO] --- maven-surefire-plugin:2.19.1:test (default-test) @ shipping ---
[INFO] Tests are skipped.
[INFO] 
[INFO] --- maven-jar-plugin:2.6:jar (default-jar) @ shipping ---
[INFO] Building jar: /var/lib/jenkins/workspace/weavesocks-shipping/target/shipping.jar
[INFO] 
[INFO] --- spring-boot-maven-plugin:1.4.0.RELEASE:repackage (default) @ shipping ---
[INFO] ------------------------------------------------------------------------
[INFO] BUILD SUCCESS
[INFO] ------------------------------------------------------------------------
[INFO] Total time: 3.183 s
[INFO] Finished at: 2018-07-11T14:05:17+08:00
[INFO] Final Memory: 37M/258M
[INFO] ------------------------------------------------------------------------
[Pipeline] }
[Pipeline] // node
[Pipeline] echo
currentResult: SUCCESS
[Pipeline] echo
Job_Name: weavesocks-shipping
[Pipeline] readJSON
[Pipeline] node
Running on Jenkins in /var/lib/jenkins/workspace/weavesocks-shipping
[Pipeline] {
[Pipeline] sh
[weavesocks-shipping] Running shell script
+ chmod +x ./scripts/build.sh
[Pipeline] }
[Pipeline] // node
[Pipeline] echo
currentResult: SUCCESS
[Pipeline] echo
Job_Name: weavesocks-shipping
[Pipeline] readJSON
[Pipeline] node
Running on Jenkins in /var/lib/jenkins/workspace/weavesocks-shipping
[Pipeline] {
[Pipeline] sh
[weavesocks-shipping] Running shell script
+ GROUP=weaveworksdemos COMMIT=test ./scripts/build.sh

export BUILD_VERSION="0.0.2-SNAPSHOT"
export BUILD_DATE=`date +%Y-%m-%dT%T%z`
date +%Y-%m-%dT%T%z

SCRIPT_DIR=$(dirname "$0")
dirname "$0"

if [[ -z "$GROUP" ]] ; then
    echo "Cannot find GROUP env var"
    exit 1
fi

if [[ -z "$COMMIT" ]] ; then
    echo "Cannot find COMMIT env var"
    exit 1
fi

if [[ "$(uname)" == "Darwin" ]]; then
    DOCKER_CMD=docker
else
    DOCKER_CMD="sudo docker"
fi
uname
CODE_DIR=$(cd $SCRIPT_DIR/..; pwd)
cd $SCRIPT_DIR/..; pwd
echo $CODE_DIR
/var/lib/jenkins/workspace/weavesocks-shipping
$DOCKER_CMD run --rm -v $HOME/.m2:/root/.m2 -v $CODE_DIR:/usr/src/mymaven -w /usr/src/mymaven maven:3.2-jdk-8 mvn -DskipTests package
[INFO] Scanning for projects...
[INFO]                                                                         
[INFO] ------------------------------------------------------------------------
[INFO] Building shipping 1.4.0.RELEASE
[INFO] ------------------------------------------------------------------------
[INFO] 
[INFO] --- jacoco-maven-plugin:0.7.6.201602180812:prepare-agent (prepare-agent) @ shipping ---
[INFO] argLine set to -javaagent:/root/.m2/repository/org/jacoco/org.jacoco.agent/0.7.6.201602180812/org.jacoco.agent-0.7.6.201602180812-runtime.jar=destfile=/usr/src/mymaven/target/jacoco.exec
[INFO] 
[INFO] --- maven-resources-plugin:2.6:resources (default-resources) @ shipping ---
[INFO] Using 'UTF-8' encoding to copy filtered resources.
[INFO] Copying 1 resource
[INFO] Copying 1 resource
[INFO] 
[INFO] --- maven-compiler-plugin:3.1:compile (default-compile) @ shipping ---
[INFO] Changes detected - recompiling the module!
[INFO] Compiling 8 source files to /usr/src/mymaven/target/classes
[INFO] 
[INFO] --- maven-resources-plugin:2.6:testResources (default-testResources) @ shipping ---
[INFO] Using 'UTF-8' encoding to copy filtered resources.
[INFO] skip non existing resourceDirectory /usr/src/mymaven/src/test/resources
[INFO] 
[INFO] --- maven-compiler-plugin:3.1:testCompile (default-testCompile) @ shipping ---
[INFO] Changes detected - recompiling the module!
[INFO] Compiling 2 source files to /usr/src/mymaven/target/test-classes
[INFO] 
[INFO] --- maven-surefire-plugin:2.19.1:test (default-test) @ shipping ---
[INFO] Tests are skipped.
[INFO] 
[INFO] --- maven-jar-plugin:2.6:jar (default-jar) @ shipping ---
[INFO] Building jar: /usr/src/mymaven/target/shipping.jar
[INFO] 
[INFO] --- spring-boot-maven-plugin:1.4.0.RELEASE:repackage (default) @ shipping ---
[INFO] ------------------------------------------------------------------------
[INFO] BUILD SUCCESS
[INFO] ------------------------------------------------------------------------
[INFO] Total time: 4.933 s
[INFO] Finished at: 2018-07-11T06:05:40+00:00
[INFO] Final Memory: 42M/289M
[INFO] ------------------------------------------------------------------------

cp $CODE_DIR/target/*.jar $CODE_DIR/docker/shipping

for m in ./docker/*/; do
    REPO=${GROUP}/$(basename $m)
    $DOCKER_CMD build \
      --build-arg BUILD_VERSION=$BUILD_VERSION \
      --build-arg BUILD_DATE=$BUILD_DATE \
      --build-arg COMMIT=$COMMIT \
      -t ${REPO}:${COMMIT} $CODE_DIR/$m;
done;
basename $m
Sending build context to Docker daemon  26.34MB
Step 1/10 : FROM weaveworksdemos/msd-java:jre-latest
 ---> db3d04a1056f
Step 2/10 : WORKDIR /usr/src/app
 ---> Using cache
 ---> 6946381d93d1
Step 3/10 : COPY *.jar ./app.jar
 ---> f6feb6c2c7a4
Step 4/10 : RUN	chown -R ${SERVICE_USER}:${SERVICE_GROUP} ./app.jar
 ---> Running in bc98d31455ec
Removing intermediate container bc98d31455ec
 ---> 958af0f4a19f
Step 5/10 : USER ${SERVICE_USER}
 ---> Running in 60633ab14375
Removing intermediate container 60633ab14375
 ---> 63e140a7b3e8
Step 6/10 : ARG BUILD_DATE
 ---> Running in fb87be49af57
Removing intermediate container fb87be49af57
 ---> e629d6e6cba7
Step 7/10 : ARG BUILD_VERSION
 ---> Running in 583eda35b616
Removing intermediate container 583eda35b616
 ---> b77f4143a122
Step 8/10 : ARG COMMIT
 ---> Running in 697bd8ebde9f
Removing intermediate container 697bd8ebde9f
 ---> 94d8d27437e4
Step 9/10 : LABEL org.label-schema.vendor="Weaveworks"   org.label-schema.build-date="${BUILD_DATE}"   org.label-schema.version="${BUILD_VERSION}"   org.label-schema.name="Socks Shop: Shipping"   org.label-schema.description="REST API for Shipping service"   org.label-schema.url="https://github.com/microservices-demo/shipping"   org.label-schema.vcs-url="github.com:microservices-demo/shipping.git"   org.label-schema.vcs-ref="${COMMIT}"   org.label-schema.schema-version="1.0"
 ---> Running in 76c510da95c1
Removing intermediate container 76c510da95c1
 ---> c20d81b43ae2
Step 10/10 : ENTRYPOINT ["/usr/local/bin/java.sh","-jar","./app.jar", "--port=80"]
 ---> Running in b9b11d931987
Removing intermediate container b9b11d931987
 ---> 5fa6f4e59cbe
Successfully built 5fa6f4e59cbe
Successfully tagged weaveworksdemos/shipping:test
[Pipeline] }
[Pipeline] // node
[Pipeline] echo
currentResult: SUCCESS
[Pipeline] echo
Job_Name: weavesocks-shipping
[Pipeline] readJSON
[Pipeline] node
Running on Jenkins in /var/lib/jenkins/workspace/weavesocks-shipping
[Pipeline] {
[Pipeline] sh
[weavesocks-shipping] Running shell script
+ docker tag weaveworksdemos/shipping:test 39.104.105.27/test_shipping/shipping:deploy
[Pipeline] }
[Pipeline] // node
