Started by user frank yang
Running in Durability level: MAX_SURVIVABILITY
Loading library IntelliPipeline-Agent@master
 > git rev-parse --is-inside-work-tree # timeout=10
Fetching changes from the remote Git repository
 > git config remote.origin.url https://github.com/YoooFeng/IntelliPipeline-Agent.git # timeout=10
Fetching upstream changes from https://github.com/YoooFeng/IntelliPipeline-Agent.git
 > git --version # timeout=10
using GIT_ASKPASS to set credentials githubAccount
 > git fetch --tags --progress https://github.com/YoooFeng/IntelliPipeline-Agent.git +refs/heads/*:refs/remotes/origin/*
 > git rev-parse refs/remotes/origin/master^{commit} # timeout=10
 > git rev-parse refs/remotes/origin/origin/master^{commit} # timeout=10
Checking out Revision acb49fb27b7b656209e7a25013b9bfe413db1757 (refs/remotes/origin/master)
 > git config core.sparsecheckout # timeout=10
 > git checkout -f acb49fb27b7b656209e7a25013b9bfe413db1757
Commit message: "Update IntelliAgent.groovy"
 > git rev-list --no-walk acb49fb27b7b656209e7a25013b9bfe413db1757 # timeout=10
[Pipeline] echo
currentResult: SUCCESS
[Pipeline] echo
Job_Name: weavesocks-shipping
[Pipeline] readJSON
[Pipeline] node
Running on Jenkins in /var/lib/jenkins/workspace/weavesocks-shipping
[Pipeline] {
[Pipeline] git
 > git rev-parse --is-inside-work-tree # timeout=10
Fetching changes from the remote Git repository
 > git config remote.origin.url file:///home/workplace/Github/shipping # timeout=10
Fetching upstream changes from file:///home/workplace/Github/shipping
 > git --version # timeout=10
 > git fetch --tags --progress file:///home/workplace/Github/shipping +refs/heads/*:refs/remotes/origin/*
 > git rev-parse refs/remotes/origin/master^{commit} # timeout=10
 > git rev-parse refs/remotes/origin/origin/master^{commit} # timeout=10
Checking out Revision 118e50454f1d2e9a42f89d52a2b1c32afd831dae (refs/remotes/origin/master)
 > git config core.sparsecheckout # timeout=10
 > git checkout -f 118e50454f1d2e9a42f89d52a2b1c32afd831dae
 > git branch -a -v --no-abbrev # timeout=10
 > git branch -D master # timeout=10
 > git checkout -b master 118e50454f1d2e9a42f89d52a2b1c32afd831dae
Commit message: "Make the rabbitmq host configurable"
 > git rev-list --no-walk 118e50454f1d2e9a42f89d52a2b1c32afd831dae # timeout=10
[Pipeline] }
[Pipeline] // node
[Pipeline] echo
currentResult: SUCCESS
[Pipeline] echo
Job_Name: weavesocks-shipping
[Pipeline] readJSON
[Pipeline] node
Running on Jenkins in /var/lib/jenkins/workspace/weavesocks-shipping
[Pipeline] {
[Pipeline] mail
[Pipeline] }
[Pipeline] // node
